2024-05-28 11:05:33,526 - INFO - Top 20 samples with highest TFPM probability:data/TF_independent_dataset.txt
2024-05-28 11:05:33,526 - INFO - Q9UMQ3: 0.6683
2024-05-28 11:05:33,526 - INFO - Q6ZN17: 0.6630
2024-05-28 11:05:33,526 - INFO - Q00056: 0.6616
2024-05-28 11:05:33,526 - INFO - P28360: 0.6532
2024-05-28 11:05:33,526 - INFO - ENSP00000446205: 0.6529
2024-05-28 11:05:33,526 - INFO - ENSP00000380019: 0.6518
2024-05-28 11:05:33,526 - INFO - J3QRM2: 0.6503
2024-05-28 11:05:33,526 - INFO - Q9NY43: 0.6490
2024-05-28 11:05:33,526 - INFO - ENSP00000346603: 0.6482
2024-05-28 11:05:33,527 - INFO - Q9H2W2: 0.6480
2024-05-28 11:05:33,527 - INFO - Q8N100: 0.6476
2024-05-28 11:05:33,527 - INFO - Q8NBF1: 0.6469
2024-05-28 11:05:33,527 - INFO - ENSP00000341108: 0.6466
2024-05-28 11:05:33,527 - INFO - Q3KNW1: 0.6463
2024-05-28 11:05:33,527 - INFO - Q96QS3: 0.6461
2024-05-28 11:05:33,527 - INFO - Q01664: 0.6457
2024-05-28 11:05:33,527 - INFO - Q05215: 0.6457
2024-05-28 11:05:33,527 - INFO - Q86YP4: 0.6456
2024-05-28 11:05:33,527 - INFO - ENSP00000265007: 0.6455
2024-05-28 11:05:33,527 - INFO - ENSP00000344285: 0.6455
2024-05-28 11:05:33,527 - INFO - =================End==================
2024-05-28 11:06:16,735 - INFO - Top 20 samples with highest TFPM probability:data/TFPM_independent_dataset.txt
2024-05-28 11:06:16,735 - INFO - Q9UMQ3: 0.6683
2024-05-28 11:06:16,735 - INFO - Q6ZN17: 0.6630
2024-05-28 11:06:16,735 - INFO - Q00056: 0.6616
2024-05-28 11:06:16,735 - INFO - P28360: 0.6532
2024-05-28 11:06:16,735 - INFO - J3QRM2: 0.6503
2024-05-28 11:06:16,735 - INFO - Q9NY43: 0.6490
2024-05-28 11:06:16,735 - INFO - Q9H2W2: 0.6480
2024-05-28 11:06:16,735 - INFO - Q8N100: 0.6476
2024-05-28 11:06:16,735 - INFO - Q8NBF1: 0.6469
2024-05-28 11:06:16,736 - INFO - Q3KNW1: 0.6463
2024-05-28 11:06:16,736 - INFO - Q96QS3: 0.6461
2024-05-28 11:06:16,736 - INFO - Q01664: 0.6457
2024-05-28 11:06:16,736 - INFO - Q05215: 0.6457
2024-05-28 11:06:16,736 - INFO - Q86YP4: 0.6456
2024-05-28 11:06:16,736 - INFO - P35713: 0.6452
2024-05-28 11:06:16,736 - INFO - Q8IWY8: 0.6449
2024-05-28 11:06:16,736 - INFO - Q13516: 0.6449
2024-05-28 11:06:16,736 - INFO - P58012: 0.6442
2024-05-28 11:06:16,736 - INFO - Q8NFW5: 0.6402
2024-05-28 11:06:16,736 - INFO - O43474: 0.6395
2024-05-28 11:06:16,736 - INFO - =================End==================
2024-05-28 17:00:22,964 - INFO - Top 20 samples with highest TFPM probability:data/TFPM_independent_dataset.txt
2024-05-28 17:00:22,964 - INFO - Q9UMQ3: 0.6683
2024-05-28 17:00:22,964 - INFO - Q6ZN17: 0.6630
2024-05-28 17:00:22,964 - INFO - Q00056: 0.6616
2024-05-28 17:00:22,964 - INFO - P28360: 0.6532
2024-05-28 17:00:22,964 - INFO - J3QRM2: 0.6503
2024-05-28 17:00:22,965 - INFO - Q9NY43: 0.6490
2024-05-28 17:00:22,965 - INFO - Q9H2W2: 0.6480
2024-05-28 17:00:22,965 - INFO - Q8N100: 0.6476
2024-05-28 17:00:22,965 - INFO - Q8NBF1: 0.6469
2024-05-28 17:00:22,965 - INFO - Q3KNW1: 0.6463
2024-05-28 17:00:22,965 - INFO - Q96QS3: 0.6461
2024-05-28 17:00:22,965 - INFO - Q01664: 0.6457
2024-05-28 17:00:22,965 - INFO - Q05215: 0.6457
2024-05-28 17:00:22,965 - INFO - Q86YP4: 0.6456
2024-05-28 17:00:22,965 - INFO - P35713: 0.6452
2024-05-28 17:00:22,965 - INFO - Q8IWY8: 0.6449
2024-05-28 17:00:22,965 - INFO - Q13516: 0.6449
2024-05-28 17:00:22,965 - INFO - P58012: 0.6442
2024-05-28 17:00:22,965 - INFO - Q8NFW5: 0.6402
2024-05-28 17:00:22,965 - INFO - O43474: 0.6395
2024-05-28 17:00:22,965 - INFO - =================End==================
2024-05-28 17:05:56,931 - INFO - Top 20 samples with highest TFPM probability:D:/ML/ProBERT/All_Human_TFs.txt
2024-05-28 17:05:56,931 - INFO - P52926: 0.7064
2024-05-28 17:05:56,931 - INFO - P17096: 0.6999
2024-05-28 17:05:56,931 - INFO - Q86XF7: 0.6940
2024-05-28 17:05:56,931 - INFO - Q8N972: 0.6906
2024-05-28 17:05:56,931 - INFO - Q8N8L2: 0.6867
2024-05-28 17:05:56,931 - INFO - P17017: 0.6851
2024-05-28 17:05:56,931 - INFO - Q9UK33: 0.6850
2024-05-28 17:05:56,931 - INFO - Q9P2F9: 0.6828
2024-05-28 17:05:56,931 - INFO - Q96CX3: 0.6816
2024-05-28 17:05:56,931 - INFO - Q15651: 0.6805
2024-05-28 17:05:56,931 - INFO - P0CG24: 0.6802
2024-05-28 17:05:56,931 - INFO - P0CG23: 0.6792
2024-05-28 17:05:56,931 - INFO - Q499Z4: 0.6783
2024-05-28 17:05:56,931 - INFO - Q8TF45: 0.6780
2024-05-28 17:05:56,932 - INFO - Q9P0T4: 0.6775
2024-05-28 17:05:56,932 - INFO - Q6ZR52: 0.6769
2024-05-28 17:05:56,932 - INFO - Q7Z7K2: 0.6758
2024-05-28 17:05:56,932 - INFO - Q7Z340: 0.6755
2024-05-28 17:05:56,932 - INFO - Q05481: 0.6752
2024-05-28 17:05:56,932 - INFO - P17026: 0.6751
2024-05-28 17:05:56,932 - INFO - =================End==================
2024-05-28 17:16:38,570 - INFO - Top 20 samples with highest TFPM probability:./Predict.txt
2024-05-28 17:16:38,571 - INFO - P52926: 0.7064
2024-05-28 17:16:38,571 - INFO - P17096: 0.6999
2024-05-28 17:16:38,571 - INFO - Q86XF7: 0.6940
2024-05-28 17:16:38,571 - INFO - Q8N972: 0.6906
2024-05-28 17:16:38,571 - INFO - Q8N8L2: 0.6867
2024-05-28 17:16:38,571 - INFO - P17017: 0.6851
2024-05-28 17:16:38,571 - INFO - Q9UK33: 0.6850
2024-05-28 17:16:38,571 - INFO - Q9P2F9: 0.6828
2024-05-28 17:16:38,571 - INFO - Q96CX3: 0.6816
2024-05-28 17:16:38,571 - INFO - Q15651: 0.6805
2024-05-28 17:16:38,571 - INFO - P0CG24: 0.6802
2024-05-28 17:16:38,571 - INFO - P0CG23: 0.6792
2024-05-28 17:16:38,571 - INFO - Q499Z4: 0.6783
2024-05-28 17:16:38,571 - INFO - Q8TF45: 0.6780
2024-05-28 17:16:38,571 - INFO - Q9P0T4: 0.6775
2024-05-28 17:16:38,571 - INFO - Q6ZR52: 0.6769
2024-05-28 17:16:38,571 - INFO - Q7Z7K2: 0.6758
2024-05-28 17:16:38,571 - INFO - Q7Z340: 0.6755
2024-05-28 17:16:38,571 - INFO - Q05481: 0.6752
2024-05-28 17:16:38,571 - INFO - P17026: 0.6751
2024-05-28 17:16:38,571 - INFO - =================End==================

